This is pdfTeX, Version 3.14159265-2.6-1.40.20 (MiKTeX 2.9.7000 64-bit) (preloaded format=pdflatex 2019.11.11)  16 JUN 2021 21:40
entering extended mode
**./lab_report_1.tex
(lab_report_1.tex
LaTeX2e <2018-12-01>
("C:\Users\alhaj\AppData\Local\Programs\MiKTeX 2.9\tex/latex/base\article.cls"
Document Class: article 2018/09/03 v1.4i Standard LaTeX document class
("C:\Users\alhaj\AppData\Local\Programs\MiKTeX 2.9\tex/latex/base\size10.clo"
File: size10.clo 2018/09/03 v1.4i Standard LaTeX file (size option)
)
\c@part=\count80
\c@section=\count81
\c@subsection=\count82
\c@subsubsection=\count83
\c@paragraph=\count84
\c@subparagraph=\count85
\c@figure=\count86
\c@table=\count87
\abovecaptionskip=\skip41
\belowcaptionskip=\skip42
\bibindent=\dimen102
) ("C:\Users\alhaj\AppData\Local\Programs\MiKTeX 2.9\tex/latex/mhchem\mhchem.st
y"
Package: mhchem 2018/06/22 v4.08 for typesetting chemical formulae

("C:\Users\alhaj\AppData\Local\Programs\MiKTeX 2.9\tex/latex/l3kernel\expl3.sty
"
Package: expl3 2019-04-06 L3 programming layer (loader) 

("C:\Users\alhaj\AppData\Local\Programs\MiKTeX 2.9\tex/latex/l3kernel\expl3-cod
e.tex"
Package: expl3 2019-04-06 L3 programming layer (code)
\c_max_int=\count88
\l_tmpa_int=\count89
\l_tmpb_int=\count90
\g_tmpa_int=\count91
\g_tmpb_int=\count92
\g__kernel_prg_map_int=\count93
\c__ior_term_ior=\count94
\c_log_iow=\count95
\l_iow_line_count_int=\count96
\l__iow_line_target_int=\count97
\l__iow_one_indent_int=\count98
\l__iow_indent_int=\count99
\c_zero_dim=\dimen103
\c_max_dim=\dimen104
\l_tmpa_dim=\dimen105
\l_tmpb_dim=\dimen106
\g_tmpa_dim=\dimen107
\g_tmpb_dim=\dimen108
\c_zero_skip=\skip43
\c_max_skip=\skip44
\l_tmpa_skip=\skip45
\l_tmpb_skip=\skip46
\g_tmpa_skip=\skip47
\g_tmpb_skip=\skip48
\c_zero_muskip=\muskip10
\c_max_muskip=\muskip11
\l_tmpa_muskip=\muskip12
\l_tmpb_muskip=\muskip13
\g_tmpa_muskip=\muskip14
\g_tmpb_muskip=\muskip15
\l_keys_choice_int=\count100
\l__intarray_loop_int=\count101
\c__intarray_sp_dim=\dimen109
\g__intarray_font_int=\count102
\c__fp_leading_shift_int=\count103
\c__fp_middle_shift_int=\count104
\c__fp_trailing_shift_int=\count105
\c__fp_big_leading_shift_int=\count106
\c__fp_big_middle_shift_int=\count107
\c__fp_big_trailing_shift_int=\count108
\c__fp_Bigg_leading_shift_int=\count109
\c__fp_Bigg_middle_shift_int=\count110
\c__fp_Bigg_trailing_shift_int=\count111
\c__kernel_randint_max_int=\count112
\g__fp_array_int=\count113
\l__fp_array_loop_int=\count114
\l__sort_length_int=\count115
\l__sort_min_int=\count116
\l__sort_top_int=\count117
\l__sort_max_int=\count118
\l__sort_true_max_int=\count119
\l__sort_block_int=\count120
\l__sort_begin_int=\count121
\l__sort_end_int=\count122
\l__sort_A_int=\count123
\l__sort_B_int=\count124
\l__sort_C_int=\count125
\l__tl_analysis_normal_int=\count126
\l__tl_analysis_index_int=\count127
\l__tl_analysis_nesting_int=\count128
\l__tl_analysis_type_int=\count129
\l__regex_internal_a_int=\count130
\l__regex_internal_b_int=\count131
\l__regex_internal_c_int=\count132
\l__regex_balance_int=\count133
\l__regex_group_level_int=\count134
\l__regex_mode_int=\count135
\c__regex_cs_in_class_mode_int=\count136
\c__regex_cs_mode_int=\count137
\l__regex_catcodes_int=\count138
\l__regex_default_catcodes_int=\count139
\c__regex_catcode_D_int=\count140
\c__regex_catcode_S_int=\count141
\c__regex_catcode_L_int=\count142
\c__regex_catcode_O_int=\count143
\c__regex_catcode_A_int=\count144
\c__regex_all_catcodes_int=\count145
\l__regex_show_lines_int=\count146
\l__regex_min_state_int=\count147
\l__regex_max_state_int=\count148
\l__regex_left_state_int=\count149
\l__regex_right_state_int=\count150
\l__regex_capturing_group_int=\count151
\l__regex_min_pos_int=\count152
\l__regex_max_pos_int=\count153
\l__regex_curr_pos_int=\count154
\l__regex_start_pos_int=\count155
\l__regex_success_pos_int=\count156
\l__regex_curr_char_int=\count157
\l__regex_curr_catcode_int=\count158
\l__regex_last_char_int=\count159
\l__regex_case_changed_char_int=\count160
\l__regex_curr_state_int=\count161
\l__regex_step_int=\count162
\l__regex_min_active_int=\count163
\l__regex_max_active_int=\count164
\l__regex_replacement_csnames_int=\count165
\l__regex_match_count_int=\count166
\l__regex_min_submatch_int=\count167
\l__regex_submatch_int=\count168
\l__regex_zeroth_submatch_int=\count169
\g__regex_trace_regex_int=\count170
\c_empty_box=\box27
\l_tmpa_box=\box28
\l_tmpb_box=\box29
\g_tmpa_box=\box30
\g_tmpb_box=\box31
\l__box_top_dim=\dimen110
\l__box_bottom_dim=\dimen111
\l__box_left_dim=\dimen112
\l__box_right_dim=\dimen113
\l__box_top_new_dim=\dimen114
\l__box_bottom_new_dim=\dimen115
\l__box_left_new_dim=\dimen116
\l__box_right_new_dim=\dimen117
\l__box_internal_box=\box32
\l__coffin_internal_box=\box33
\l__coffin_internal_dim=\dimen118
\l__coffin_offset_x_dim=\dimen119
\l__coffin_offset_y_dim=\dimen120
\l__coffin_x_dim=\dimen121
\l__coffin_y_dim=\dimen122
\l__coffin_x_prime_dim=\dimen123
\l__coffin_y_prime_dim=\dimen124
\c_empty_coffin=\box34
\l__coffin_aligned_coffin=\box35
\l__coffin_aligned_internal_coffin=\box36
\l_tmpa_coffin=\box37
\l_tmpb_coffin=\box38
\g_tmpa_coffin=\box39
\g_tmpb_coffin=\box40
\l__coffin_bounding_shift_dim=\dimen125
\l__coffin_left_corner_dim=\dimen126
\l__coffin_right_corner_dim=\dimen127
\l__coffin_bottom_corner_dim=\dimen128
\l__coffin_top_corner_dim=\dimen129
\l__coffin_scaled_total_height_dim=\dimen130
\l__coffin_scaled_width_dim=\dimen131
\c__coffin_empty_coffin=\box41
\l__coffin_display_coffin=\box42
\l__coffin_display_coord_coffin=\box43
\l__coffin_display_pole_coffin=\box44
\l__coffin_display_offset_dim=\dimen132
\l__coffin_display_x_dim=\dimen133
\l__coffin_display_y_dim=\dimen134
\g__file_internal_ior=\read1
\l__seq_internal_a_int=\count171
\l__seq_internal_b_int=\count172
\c__deprecation_minus_one=\count173
)
("C:\Users\alhaj\AppData\Local\Programs\MiKTeX 2.9\tex/latex/l3kernel\l3pdfmode
.def"
File: l3pdfmode.def 2019-04-06 v L3 Experimental driver: PDF mode
\l__driver_color_stack_int=\count174
))
("C:\Users\alhaj\AppData\Local\Programs\MiKTeX 2.9\tex/latex/l3packages/l3keys2
e\l3keys2e.sty"
Package: l3keys2e 2019-03-05 LaTeX2e option processing using LaTeX3 keys
)
("C:\Users\alhaj\AppData\Local\Programs\MiKTeX 2.9\tex/latex/tools\calc.sty"
Package: calc 2017/05/25 v4.3 Infix arithmetic (KKT,FJ)
\calc@Acount=\count175
\calc@Bcount=\count176
\calc@Adimen=\dimen135
\calc@Bdimen=\dimen136
\calc@Askip=\skip49
\calc@Bskip=\skip50
LaTeX Info: Redefining \setlength on input line 80.
LaTeX Info: Redefining \addtolength on input line 81.
\calc@Ccount=\count177
\calc@Cskip=\skip51
)
("C:\Users\alhaj\AppData\Local\Programs\MiKTeX 2.9\tex/latex/amsmath\amsmath.st
y"
Package: amsmath 2018/12/01 v2.17b AMS math features
\@mathmargin=\skip52

For additional information on amsmath, use the `?' option.

("C:\Users\alhaj\AppData\Local\Programs\MiKTeX 2.9\tex/latex/amsmath\amstext.st
y"
Package: amstext 2000/06/29 v2.01 AMS text

("C:\Users\alhaj\AppData\Local\Programs\MiKTeX 2.9\tex/latex/amsmath\amsgen.sty
"
File: amsgen.sty 1999/11/30 v2.0 generic functions
\@emptytoks=\toks14
\ex@=\dimen137
))
("C:\Users\alhaj\AppData\Local\Programs\MiKTeX 2.9\tex/latex/amsmath\amsbsy.sty
"
Package: amsbsy 1999/11/29 v1.2d Bold Symbols
\pmbraise@=\dimen138
)
("C:\Users\alhaj\AppData\Local\Programs\MiKTeX 2.9\tex/latex/amsmath\amsopn.sty
"
Package: amsopn 2016/03/08 v2.02 operator names
)
\inf@bad=\count178
LaTeX Info: Redefining \frac on input line 223.
\uproot@=\count179
\leftroot@=\count180
LaTeX Info: Redefining \overline on input line 385.
\classnum@=\count181
\DOTSCASE@=\count182
LaTeX Info: Redefining \ldots on input line 482.
LaTeX Info: Redefining \dots on input line 485.
LaTeX Info: Redefining \cdots on input line 606.
\Mathstrutbox@=\box45
\strutbox@=\box46
\big@size=\dimen139
LaTeX Font Info:    Redeclaring font encoding OML on input line 729.
LaTeX Font Info:    Redeclaring font encoding OMS on input line 730.
\macc@depth=\count183
\c@MaxMatrixCols=\count184
\dotsspace@=\muskip16
\c@parentequation=\count185
\dspbrk@lvl=\count186
\tag@help=\toks15
\row@=\count187
\column@=\count188
\maxfields@=\count189
\andhelp@=\toks16
\eqnshift@=\dimen140
\alignsep@=\dimen141
\tagshift@=\dimen142
\tagwidth@=\dimen143
\totwidth@=\dimen144
\lineht@=\dimen145
\@envbody=\toks17
\multlinegap=\skip53
\multlinetaggap=\skip54
\mathdisplay@stack=\toks18
LaTeX Info: Redefining \[ on input line 2844.
LaTeX Info: Redefining \] on input line 2845.
)
("C:\Users\alhaj\AppData\Local\Programs\MiKTeX 2.9\tex/latex/chemgreek\chemgree
k.sty"
("C:\Users\alhaj\AppData\Local\Programs\MiKTeX 2.9\tex/latex/l3packages/xparse\
xparse.sty"
Package: xparse 2019-03-05 L3 Experimental document command parser
\l__xparse_current_arg_int=\count190
\g__xparse_grabber_int=\count191
\l__xparse_m_args_int=\count192
\l__xparse_v_nesting_int=\count193
)
Package: chemgreek 2016/12/20 v1.1 interfaceforuprightgreeklettersforuseinchemi
stry (CN)
\l__chemgreek_tmpa_int=\count194
\g__chemgreek_tmpa_int=\count195
)
("C:\Users\alhaj\AppData\Local\Programs\MiKTeX 2.9\tex/latex/graphics\graphics.
sty"
Package: graphics 2017/06/25 v1.2c Standard LaTeX Graphics (DPC,SPQR)

("C:\Users\alhaj\AppData\Local\Programs\MiKTeX 2.9\tex/latex/graphics\trig.sty"
Package: trig 2016/01/03 v1.10 sin cos tan (DPC)
)
("C:\Users\alhaj\AppData\Local\Programs\MiKTeX 2.9\tex/latex/graphics-cfg\graph
ics.cfg"
File: graphics.cfg 2016/06/04 v1.11 sample graphics configuration
)
Package graphics Info: Driver file: pdftex.def on input line 99.

("C:\Users\alhaj\AppData\Local\Programs\MiKTeX 2.9\tex/latex/graphics-def\pdfte
x.def"
File: pdftex.def 2018/01/08 v1.0l Graphics/color driver for pdftex
))
\l__mhchem_ce_distanceFromLastComma_int=\count196
\__mhchem_arrow_extPgfLength_skip=\skip55
\mhchem@minispace@tmp=\skip56
\mhchem@minibackspace@tmp=\skip57
\mhchem@bondwidth=\skip58
\mhchem@bondheight=\skip59
\mhchem@smallbondwidth@tmpA=\skip60
\mhchem@smallbondwidth@tmpB=\skip61
\mhchem@smallbondwidth=\skip62
\mhchem@bondtmp@minussidebearingleft=\skip63
\mhchem@bondtmp@minussidebearingright=\skip64
\l__mhchem_option_version_int=\count197
\mhchem@option@minusmathsidebearingleft=\dimen146
\mhchem@option@minusmathsidebearingright=\dimen147
\mhchem@option@minustextsidebearingleft=\dimen148
\mhchem@option@minustextsidebearingright=\dimen149
)
("C:\Users\alhaj\AppData\Local\Programs\MiKTeX 2.9\tex/latex/siunitx\siunitx.st
y"
Package: siunitx 2018/05/17 v2.7s A comprehensive (SI) units package
 ("C:\Users\alhaj\AppData\Local\Programs\MiKTeX 2.9\tex/latex/tools\array.sty"
Package: array 2018/12/30 v2.4k Tabular extension package (FMi)
\col@sep=\dimen150
\ar@mcellbox=\box47
\extrarowheight=\dimen151
\NC@list=\toks19
\extratabsurround=\skip65
\backup@length=\skip66
\ar@cellbox=\box48
)
\l__siunitx_tmp_box=\box49
\l__siunitx_tmp_dim=\dimen152
\l__siunitx_tmp_int=\count198
\l__siunitx_number_mantissa_length_int=\count199
\l__siunitx_number_uncert_length_int=\count266
\l__siunitx_round_int=\count267
\l__siunitx_process_decimal_int=\count268
\l__siunitx_process_uncertainty_int=\count269
\l__siunitx_process_fixed_int=\count270
\l__siunitx_process_integer_min_int=\count271
\l__siunitx_process_precision_int=\count272
\l__siunitx_group_min_int=\count273
\l__siunitx_angle_marker_box=\box50
\l__siunitx_angle_unit_box=\box51
\l__siunitx_angle_marker_dim=\dimen153
\l__siunitx_angle_unit_dim=\dimen154
\l__siunitx_unit_int=\count274
\l__siunitx_unit_denominator_int=\count275
\l__siunitx_unit_numerator_int=\count276
\l__siunitx_unit_prefix_int=\count277
\l__siunitx_unit_prefix_base_int=\count278
\l__siunitx_unit_prefix_gram_int=\count279
\l__siunitx_number_product_int=\count280
\c__siunitx_one_fill_skip=\skip67
\l__siunitx_table_unit_align_skip=\skip68
\l__siunitx_table_exponent_dim=\dimen155
\l__siunitx_table_integer_dim=\dimen156
\l__siunitx_table_mantissa_dim=\dimen157
\l__siunitx_table_marker_dim=\dimen158
\l__siunitx_table_result_dim=\dimen159
\l__siunitx_table_uncert_dim=\dimen160
\l__siunitx_table_fill_pre_dim=\dimen161
\l__siunitx_table_fill_post_dim=\dimen162
\l__siunitx_table_fill_mid_dim=\dimen163
\l__siunitx_table_pre_box=\box52
\l__siunitx_table_post_box=\box53
\l__siunitx_table_mantissa_box=\box54
\l__siunitx_table_result_box=\box55
\l__siunitx_table_number_align_skip=\skip69
\l__siunitx_table_text_align_skip=\skip70

("C:\Users\alhaj\AppData\Local\Programs\MiKTeX 2.9\tex/latex/translator\transla
tor.sty"
Package: translator 2018/01/04 v1.12 Easy translation of strings in LaTeX

("C:\Users\alhaj\AppData\Local\Programs\MiKTeX 2.9\tex/latex/graphics\keyval.st
y"
Package: keyval 2014/10/28 v1.15 key=value parser (DPC)
\KV@toks@=\toks20
)))
("C:\Users\alhaj\AppData\Local\Programs\MiKTeX 2.9\tex/latex/graphics\graphicx.
sty"
Package: graphicx 2017/06/01 v1.1a Enhanced LaTeX Graphics (DPC,SPQR)
\Gin@req@height=\dimen164
\Gin@req@width=\dimen165
)
("C:\Users\alhaj\AppData\Local\Programs\MiKTeX 2.9\tex/latex/natbib\natbib.sty"
Package: natbib 2010/09/13 8.31b (PWD, AO)
\bibhang=\skip71
\bibsep=\skip72
LaTeX Info: Redefining \cite on input line 694.
\c@NAT@ctr=\count281
)
("C:\Users\alhaj\AppData\Local\Programs\MiKTeX 2.9\tex/latex/pythonhighlight\py
thonhighlight.sty"
Package: pythonhighlight 2017/02/09 python code highlighting; provided by Olivi
er Verdier <olivier.verdier@gmail.com>

("C:\Users\alhaj\AppData\Local\Programs\MiKTeX 2.9\tex/latex/listings\listings.
sty"
\lst@mode=\count282
\lst@gtempboxa=\box56
\lst@token=\toks21
\lst@length=\count283
\lst@currlwidth=\dimen166
\lst@column=\count284
\lst@pos=\count285
\lst@lostspace=\dimen167
\lst@width=\dimen168
\lst@newlines=\count286
\lst@lineno=\count287
\lst@maxwidth=\dimen169

("C:\Users\alhaj\AppData\Local\Programs\MiKTeX 2.9\tex/latex/listings\lstmisc.s
ty"
File: lstmisc.sty 2019/02/27 1.8b (Carsten Heinz)
\c@lstnumber=\count288
\lst@skipnumbers=\count289
\lst@framebox=\box57
)
("C:\Users\alhaj\AppData\Local\Programs\MiKTeX 2.9\tex/latex/listings\listings.
cfg"
File: listings.cfg 2019/02/27 1.8b listings configuration
))
Package: listings 2019/02/27 1.8b (Carsten Heinz)

("C:\Users\alhaj\AppData\Local\Programs\MiKTeX 2.9\tex/latex/xcolor\xcolor.sty"
Package: xcolor 2016/05/11 v2.12 LaTeX color extensions (UK)

("C:\Users\alhaj\AppData\Local\Programs\MiKTeX 2.9\tex/latex/graphics-cfg\color
.cfg"
File: color.cfg 2016/01/02 v1.6 sample color configuration
)
Package xcolor Info: Driver file: pdftex.def on input line 225.
Package xcolor Info: Model `cmy' substituted by `cmy0' on input line 1348.
Package xcolor Info: Model `hsb' substituted by `rgb' on input line 1352.
Package xcolor Info: Model `RGB' extended on input line 1364.
Package xcolor Info: Model `HTML' substituted by `rgb' on input line 1366.
Package xcolor Info: Model `Hsb' substituted by `hsb' on input line 1367.
Package xcolor Info: Model `tHsb' substituted by `hsb' on input line 1368.
Package xcolor Info: Model `HSB' substituted by `hsb' on input line 1369.
Package xcolor Info: Model `Gray' substituted by `gray' on input line 1370.
Package xcolor Info: Model `wave' substituted by `hsb' on input line 1371.
))
("C:\Users\alhaj\AppData\Local\Programs\MiKTeX 2.9\tex/latex/commath\commath.st
y" ("C:\Users\alhaj\AppData\Local\Programs\MiKTeX 2.9\tex/latex/base\ifthen.sty
"
Package: ifthen 2014/09/29 v1.1c Standard LaTeX ifthen package (DPC)
)) ("C:\Users\alhaj\AppData\Local\Programs\MiKTeX 2.9\tex/latex/was\gensymb.sty
"
Package: gensymb 2003/07/02 v1.0 (WaS)
)
("C:\Users\alhaj\AppData\Local\Programs\MiKTeX 2.9\tex/latex/caption\subcaption
.sty"
Package: subcaption 2018/05/01 v1.1-162 Sub-captions (AR)

("C:\Users\alhaj\AppData\Local\Programs\MiKTeX 2.9\tex/latex/caption\caption.st
y"
Package: caption 2018/10/06 v3.3-154 Customizing captions (AR)

("C:\Users\alhaj\AppData\Local\Programs\MiKTeX 2.9\tex/latex/caption\caption3.s
ty"
Package: caption3 2018/09/12 v1.8c caption3 kernel (AR)
Package caption3 Info: TeX engine: e-TeX on input line 64.
\captionmargin=\dimen170
\captionmargin@=\dimen171
\captionwidth=\dimen172
\caption@tempdima=\dimen173
\caption@indent=\dimen174
\caption@parindent=\dimen175
\caption@hangindent=\dimen176
)
\c@caption@flags=\count290
\c@ContinuedFloat=\count291
Package caption Info: listings package is loaded.
)
\c@subfigure=\count292
\c@subtable=\count293
)
("C:\Users\alhaj\AppData\Local\Programs\MiKTeX 2.9\tex/latex/float\float.sty"
Package: float 2001/11/08 v1.3d Float enhancements (AL)
\c@float@type=\count294
\float@exts=\toks22
\float@box=\box58
\@float@everytoks=\toks23
\@floatcapt=\box59
)
("C:\Users\alhaj\AppData\Local\Programs\MiKTeX 2.9\tex/latex/listings\lstlang1.
sty"
File: lstlang1.sty 2019/02/27 1.8b listings language file
)
("C:\Users\alhaj\AppData\Local\Programs\MiKTeX 2.9\tex/latex/listings\lstlang1.
sty"
File: lstlang1.sty 2019/02/27 1.8b listings language file
)
("C:\Users\alhaj\AppData\Local\Programs\MiKTeX 2.9\tex/latex/listings\lstmisc.s
ty"
File: lstmisc.sty 2019/02/27 1.8b (Carsten Heinz)
)
("C:\Users\alhaj\AppData\Local\Programs\MiKTeX 2.9\tex/latex/hyperref\hyperref.
sty"
Package: hyperref 2018/11/30 v6.88e Hypertext links for LaTeX

("C:\Users\alhaj\AppData\Local\Programs\MiKTeX 2.9\tex/latex/hobsub\hobsub-hype
rref.sty"
Package: hobsub-hyperref 2019-11-14
hobsub not currently supported, see hobsub.dtx to extract original code

("C:\Users\alhaj\AppData\Local\Programs\MiKTeX 2.9\tex/generic/oberdiek\ltxcmds
.sty"
Package: ltxcmds 2016/05/16 v1.23 LaTeX kernel commands for general use (HO)
)
("C:\Users\alhaj\AppData\Local\Programs\MiKTeX 2.9\tex/generic/oberdiek\ifvtex.
sty"
Package: ifvtex 2016/05/16 v1.6 Detect VTeX and its facilities (HO)
Package ifvtex Info: VTeX not detected.
)
("C:\Users\alhaj\AppData\Local\Programs\MiKTeX 2.9\tex/generic/oberdiek\pdftexc
mds.sty"
Package: pdftexcmds 2018/09/10 v0.29 Utility functions of pdfTeX for LuaTeX (HO
)

("C:\Users\alhaj\AppData\Local\Programs\MiKTeX 2.9\tex/generic/oberdiek\infware
rr.sty"
Package: infwarerr 2016/05/16 v1.4 Providing info/warning/error messages (HO)
)
("C:\Users\alhaj\AppData\Local\Programs\MiKTeX 2.9\tex/generic/oberdiek\ifluate
x.sty"
Package: ifluatex 2016/05/16 v1.4 Provides the ifluatex switch (HO)
Package ifluatex Info: LuaTeX not detected.
)
("C:\Users\alhaj\AppData\Local\Programs\MiKTeX 2.9\tex/generic/oberdiek\ifpdf.s
ty"
Package: ifpdf 2018/09/07 v3.3 Provides the ifpdf switch
)
Package pdftexcmds Info: LuaTeX not detected.
Package pdftexcmds Info: \pdf@primitive is available.
Package pdftexcmds Info: \pdf@ifprimitive is available.
Package pdftexcmds Info: \pdfdraftmode found.
)
("C:\Users\alhaj\AppData\Local\Programs\MiKTeX 2.9\tex/generic/oberdiek\kvsetke
ys.sty"
Package: kvsetkeys 2016/05/16 v1.17 Key value parser (HO)

("C:\Users\alhaj\AppData\Local\Programs\MiKTeX 2.9\tex/generic/oberdiek\etexcmd
s.sty"
Package: etexcmds 2016/05/16 v1.6 Avoid name clashes with e-TeX commands (HO)
))
("C:\Users\alhaj\AppData\Local\Programs\MiKTeX 2.9\tex/generic/oberdiek\kvdefin
ekeys.sty"
Package: kvdefinekeys 2016/05/16 v1.4 Define keys (HO)
)
("C:\Users\alhaj\AppData\Local\Programs\MiKTeX 2.9\tex/generic/oberdiek\pdfesca
pe.sty"
Package: pdfescape 2016/05/16 v1.14 Implements pdfTeX's escape features (HO)
)
("C:\Users\alhaj\AppData\Local\Programs\MiKTeX 2.9\tex/latex/oberdiek\hycolor.s
ty"
Package: hycolor 2016/05/16 v1.8 Color options for hyperref/bookmark (HO)

("C:\Users\alhaj\AppData\Local\Programs\MiKTeX 2.9\tex/latex/oberdiek\xcolor-pa
tch.sty"
Package: xcolor-patch 2016/05/16 xcolor patch

("C:\Users\alhaj\AppData\Local\Programs\MiKTeX 2.9\tex/latex/oberdiek\hopatch.s
ty"
Package: hopatch 2016/05/16 v1.3 Wrapper for package hooks (HO)
)))
("C:\Users\alhaj\AppData\Local\Programs\MiKTeX 2.9\tex/latex/oberdiek\letltxmac
ro.sty"
Package: letltxmacro 2016/05/16 v1.5 Let assignment for LaTeX macros (HO)
))
("C:\Users\alhaj\AppData\Local\Programs\MiKTeX 2.9\tex/latex/oberdiek\auxhook.s
ty"
Package: auxhook 2016/05/16 v1.4 Hooks for auxiliary files (HO)
)
("C:\Users\alhaj\AppData\Local\Programs\MiKTeX 2.9\tex/generic/ifxetex\ifxetex.
sty"
Package: ifxetex 2010/09/12 v0.6 Provides ifxetex conditional
)
("C:\Users\alhaj\AppData\Local\Programs\MiKTeX 2.9\tex/latex/oberdiek\kvoptions
.sty"
Package: kvoptions 2016/05/16 v3.12 Key value format for package options (HO)
)
\@linkdim=\dimen177
\Hy@linkcounter=\count295
\Hy@pagecounter=\count296

("C:\Users\alhaj\AppData\Local\Programs\MiKTeX 2.9\tex/latex/hyperref\pd1enc.de
f"
File: pd1enc.def 2018/11/30 v6.88e Hyperref: PDFDocEncoding definition (HO)
Now handling font encoding PD1 ...
... no UTF-8 mapping file for font encoding PD1
)
("C:\Users\alhaj\AppData\Local\Programs\MiKTeX 2.9\tex/generic/oberdiek\intcalc
.sty"
Package: intcalc 2016/05/16 v1.2 Expandable calculations with integers (HO)
)
\Hy@SavedSpaceFactor=\count297

("C:\Users\alhaj\AppData\Local\Programs\MiKTeX 2.9\tex/latex/00miktex\hyperref.
cfg"
File: hyperref.cfg 2002/06/06 v1.2 hyperref configuration of TeXLive
)
Package hyperref Info: Hyper figures OFF on input line 4519.
Package hyperref Info: Link nesting OFF on input line 4524.
Package hyperref Info: Hyper index ON on input line 4527.
Package hyperref Info: Plain pages OFF on input line 4534.
Package hyperref Info: Backreferencing OFF on input line 4539.
Package hyperref Info: Implicit mode ON; LaTeX internals redefined.
Package hyperref Info: Bookmarks ON on input line 4772.
\c@Hy@tempcnt=\count298
 ("C:\Users\alhaj\AppData\Local\Programs\MiKTeX 2.9\tex/latex/url\url.sty"
\Urlmuskip=\muskip17
Package: url 2013/09/16  ver 3.4  Verb mode for urls, etc.
)
LaTeX Info: Redefining \url on input line 5125.
\XeTeXLinkMargin=\dimen178

("C:\Users\alhaj\AppData\Local\Programs\MiKTeX 2.9\tex/generic/oberdiek\bitset.
sty"
Package: bitset 2016/05/16 v1.2 Handle bit-vector datatype (HO)

("C:\Users\alhaj\AppData\Local\Programs\MiKTeX 2.9\tex/generic/oberdiek\bigintc
alc.sty"
Package: bigintcalc 2016/05/16 v1.4 Expandable calculations on big integers (HO
)
))
\Fld@menulength=\count299
\Field@Width=\dimen179
\Fld@charsize=\dimen180
Package hyperref Info: Hyper figures OFF on input line 6380.
Package hyperref Info: Link nesting OFF on input line 6385.
Package hyperref Info: Hyper index ON on input line 6388.
Package hyperref Info: backreferencing OFF on input line 6395.
Package hyperref Info: Link coloring OFF on input line 6400.
Package hyperref Info: Link coloring with OCG OFF on input line 6405.
Package hyperref Info: PDF/A mode OFF on input line 6410.
LaTeX Info: Redefining \ref on input line 6450.
LaTeX Info: Redefining \pageref on input line 6454.

("C:\Users\alhaj\AppData\Local\Programs\MiKTeX 2.9\tex/generic/oberdiek\atbegsh
i.sty"
Package: atbegshi 2016/06/09 v1.18 At begin shipout hook (HO)
)
\Hy@abspage=\count300
\c@Item=\count301
\c@Hfootnote=\count302
)
Package hyperref Info: Driver (autodetected): hpdftex.

("C:\Users\alhaj\AppData\Local\Programs\MiKTeX 2.9\tex/latex/hyperref\hpdftex.d
ef"
File: hpdftex.def 2018/11/30 v6.88e Hyperref driver for pdfTeX

("C:\Users\alhaj\AppData\Local\Programs\MiKTeX 2.9\tex/latex/oberdiek\atveryend
.sty"
Package: atveryend 2016/05/16 v1.9 Hooks at the very end of document (HO)
Package atveryend Info: \enddocument detected (standard20110627).
)
\Fld@listcount=\count303
\c@bookmark@seq@number=\count304

("C:\Users\alhaj\AppData\Local\Programs\MiKTeX 2.9\tex/latex/oberdiek\rerunfile
check.sty"
Package: rerunfilecheck 2016/05/16 v1.8 Rerun checks for auxiliary files (HO)

("C:\Users\alhaj\AppData\Local\Programs\MiKTeX 2.9\tex/generic/oberdiek\uniquec
ounter.sty"
Package: uniquecounter 2016/05/16 v1.3 Provide unlimited unique counter (HO)
)
Package uniquecounter Info: New unique counter `rerunfilecheck' on input line 2
82.
)
\Hy@SectionHShift=\skip73
) (lab_report_1.aux

LaTeX Warning: Label `fig:boat1' multiply defined.


LaTeX Warning: Label `fig:boat1' multiply defined.


LaTeX Warning: Label `fig:boat1' multiply defined.


LaTeX Warning: Label `fig:boat1' multiply defined.


LaTeX Warning: Label `fig:boat1' multiply defined.


LaTeX Warning: Label `fig:boat1' multiply defined.


LaTeX Warning: Label `fig:boat1' multiply defined.


LaTeX Warning: Label `fig:boat1' multiply defined.


LaTeX Warning: Label `fig:boat1' multiply defined.


LaTeX Warning: Label `fig:boat1' multiply defined.


LaTeX Warning: Label `fig:boat1' multiply defined.


LaTeX Warning: Label `fig:boat1' multiply defined.


LaTeX Warning: Label `fig:boat1' multiply defined.


LaTeX Warning: Label `fig:boat1' multiply defined.

)
\openout1 = `lab_report_1.aux'.

LaTeX Font Info:    Checking defaults for OML/cmm/m/it on input line 59.
LaTeX Font Info:    ... okay on input line 59.
LaTeX Font Info:    Checking defaults for T1/cmr/m/n on input line 59.
LaTeX Font Info:    ... okay on input line 59.
LaTeX Font Info:    Checking defaults for OT1/cmr/m/n on input line 59.
LaTeX Font Info:    ... okay on input line 59.
LaTeX Font Info:    Checking defaults for OMS/cmsy/m/n on input line 59.
LaTeX Font Info:    ... okay on input line 59.
LaTeX Font Info:    Checking defaults for OMX/cmex/m/n on input line 59.
LaTeX Font Info:    ... okay on input line 59.
LaTeX Font Info:    Checking defaults for U/cmr/m/n on input line 59.
LaTeX Font Info:    ... okay on input line 59.
LaTeX Font Info:    Checking defaults for PD1/pdf/m/n on input line 59.
LaTeX Font Info:    ... okay on input line 59.

Package chemgreek Info: Activating mapping `default' on line 59.


("C:\Users\alhaj\AppData\Local\Programs\MiKTeX 2.9\tex/context/base/mkii\supp-p
df.mkii"
[Loading MPS to PDF converter (version 2006.09.02).]
\scratchcounter=\count305
\scratchdimen=\dimen181
\scratchbox=\box60
\nofMPsegments=\count306
\nofMParguments=\count307
\everyMPshowfont=\toks24
\MPscratchCnt=\count308
\MPscratchDim=\dimen182
\MPnumerator=\count309
\makeMPintoPDFobject=\count310
\everyMPtoPDFconversion=\toks25
)
("C:\Users\alhaj\AppData\Local\Programs\MiKTeX 2.9\tex/latex/oberdiek\epstopdf-
base.sty"
Package: epstopdf-base 2016/05/15 v2.6 Base part for package epstopdf

("C:\Users\alhaj\AppData\Local\Programs\MiKTeX 2.9\tex/latex/oberdiek\grfext.st
y"
Package: grfext 2016/05/16 v1.2 Manage graphics extensions (HO)
)
Package epstopdf-base Info: Redefining graphics rule for `.eps' on input line 4
38.
Package grfext Info: Graphics extension search list:
(grfext)             [.pdf,.png,.jpg,.mps,.jpeg,.jbig2,.jb2,.PDF,.PNG,.JPG,.JPE
G,.JBIG2,.JB2,.eps]
(grfext)             \AppendGraphicsExtensions on input line 456.
)
Now handling font encoding TS1 ...
... processing UTF-8 mapping file for font encoding TS1

("C:\Users\alhaj\AppData\Local\Programs\MiKTeX 2.9\tex/latex/base\ts1enc.dfu"
File: ts1enc.dfu 2018/10/05 v1.2f UTF-8 support for inputenc
   defining Unicode char U+00A2 (decimal 162)
   defining Unicode char U+00A3 (decimal 163)
   defining Unicode char U+00A4 (decimal 164)
   defining Unicode char U+00A5 (decimal 165)
   defining Unicode char U+00A6 (decimal 166)
   defining Unicode char U+00A7 (decimal 167)
   defining Unicode char U+00A8 (decimal 168)
   defining Unicode char U+00A9 (decimal 169)
   defining Unicode char U+00AA (decimal 170)
   defining Unicode char U+00AC (decimal 172)
   defining Unicode char U+00AE (decimal 174)
   defining Unicode char U+00AF (decimal 175)
   defining Unicode char U+00B0 (decimal 176)
   defining Unicode char U+00B1 (decimal 177)
   defining Unicode char U+00B2 (decimal 178)
   defining Unicode char U+00B3 (decimal 179)
   defining Unicode char U+00B4 (decimal 180)
   defining Unicode char U+00B5 (decimal 181)
   defining Unicode char U+00B6 (decimal 182)
   defining Unicode char U+00B7 (decimal 183)
   defining Unicode char U+00B9 (decimal 185)
   defining Unicode char U+00BA (decimal 186)
   defining Unicode char U+00BC (decimal 188)
   defining Unicode char U+00BD (decimal 189)
   defining Unicode char U+00BE (decimal 190)
   defining Unicode char U+00D7 (decimal 215)
   defining Unicode char U+00F7 (decimal 247)
   defining Unicode char U+0192 (decimal 402)
   defining Unicode char U+02C7 (decimal 711)
   defining Unicode char U+02D8 (decimal 728)
   defining Unicode char U+02DD (decimal 733)
   defining Unicode char U+0E3F (decimal 3647)
   defining Unicode char U+2016 (decimal 8214)
   defining Unicode char U+2020 (decimal 8224)
   defining Unicode char U+2021 (decimal 8225)
   defining Unicode char U+2022 (decimal 8226)
   defining Unicode char U+2030 (decimal 8240)
   defining Unicode char U+2031 (decimal 8241)
   defining Unicode char U+203B (decimal 8251)
   defining Unicode char U+203D (decimal 8253)
   defining Unicode char U+2044 (decimal 8260)
   defining Unicode char U+204E (decimal 8270)
   defining Unicode char U+2052 (decimal 8274)
   defining Unicode char U+20A1 (decimal 8353)
   defining Unicode char U+20A4 (decimal 8356)
   defining Unicode char U+20A6 (decimal 8358)
   defining Unicode char U+20A9 (decimal 8361)
   defining Unicode char U+20AB (decimal 8363)
   defining Unicode char U+20AC (decimal 8364)
   defining Unicode char U+20B1 (decimal 8369)
   defining Unicode char U+2103 (decimal 8451)
   defining Unicode char U+2116 (decimal 8470)
   defining Unicode char U+2117 (decimal 8471)
   defining Unicode char U+211E (decimal 8478)
   defining Unicode char U+2120 (decimal 8480)
   defining Unicode char U+2122 (decimal 8482)
   defining Unicode char U+2126 (decimal 8486)
   defining Unicode char U+2127 (decimal 8487)
   defining Unicode char U+212E (decimal 8494)
   defining Unicode char U+2190 (decimal 8592)
   defining Unicode char U+2191 (decimal 8593)
   defining Unicode char U+2192 (decimal 8594)
   defining Unicode char U+2193 (decimal 8595)
   defining Unicode char U+2329 (decimal 9001)
   defining Unicode char U+232A (decimal 9002)
   defining Unicode char U+2422 (decimal 9250)
   defining Unicode char U+25E6 (decimal 9702)
   defining Unicode char U+25EF (decimal 9711)
   defining Unicode char U+266A (decimal 9834)
   defining Unicode char U+FEFF (decimal 65279)
)
("C:\Users\alhaj\AppData\Local\Programs\MiKTeX 2.9\tex/latex/translator\transla
tor-basic-dictionary-English.dict"
Dictionary: translator-basic-dictionary, Language: English 
)
("C:\Users\alhaj\AppData\Local\Programs\MiKTeX 2.9\tex/latex/siunitx\siunitx-ab
breviations.cfg"
File: siunitx-abbreviations.cfg 2017/11/26 v2.7k siunitx: Abbreviated units
)
\c@lstlisting=\count311
LaTeX Info: Redefining \celsius on input line 59.
Package gensymb Info: Faking symbols for \degree and \celsius on input line 59.



Package gensymb Warning: Not defining \perthousand.

LaTeX Info: Redefining \ohm on input line 59.
Package gensymb Info: Using \Omega for \ohm on input line 59.

Package gensymb Warning: Not defining \micro.

Package caption Info: Begin \AtBeginDocument code.
Package caption Info: float package is loaded.
Package caption Info: hyperref package is loaded.
Package caption Info: End \AtBeginDocument code.
\AtBeginShipoutBox=\box61
Package hyperref Info: Link coloring OFF on input line 59.

("C:\Users\alhaj\AppData\Local\Programs\MiKTeX 2.9\tex/latex/hyperref\nameref.s
ty"
Package: nameref 2016/05/21 v2.44 Cross-referencing by name of section

("C:\Users\alhaj\AppData\Local\Programs\MiKTeX 2.9\tex/latex/oberdiek\refcount.
sty"
Package: refcount 2016/05/16 v3.5 Data extraction from label references (HO)
)
("C:\Users\alhaj\AppData\Local\Programs\MiKTeX 2.9\tex/generic/oberdiek\gettitl
estring.sty"
Package: gettitlestring 2016/05/16 v1.5 Cleanup title references (HO)
)
\c@section@level=\count312
)
LaTeX Info: Redefining \ref on input line 59.
LaTeX Info: Redefining \pageref on input line 59.
LaTeX Info: Redefining \nameref on input line 59.
 (lab_report_1.out) (lab_report_1.out)
\@outlinefile=\write3
\openout3 = `lab_report_1.out'.

 [1

{C:/Users/alhaj/AppData/Local/MiKTeX/2.9/pdftex/config/pdftex.map}] (lab_report
_1.toc)
\tf@toc=\write4
\openout4 = `lab_report_1.toc'.

 [2

]
LaTeX Font Info:    Try loading font information for OMS+cmr on input line 96.

("C:\Users\alhaj\AppData\Local\Programs\MiKTeX 2.9\tex/latex/base\omscmr.fd"
File: omscmr.fd 2014/09/29 v2.5h Standard LaTeX font definitions
)
LaTeX Font Info:    Font shape `OMS/cmr/m/n' in size <10> not available
(Font)              Font shape `OMS/cmsy/m/n' tried instead on input line 96.

Overfull \hbox (3.16737pt too wide) in paragraph at lines 101--103
[]\OT1/cmr/m/n/10 Add trans-for-ma-tions: Trans-la-tion, Ro-ta-tion, Scal-ing, 
Re-flec-tion and Shear-
 []

[3

]
<C:/D/University/Semester_4/Raytracer/lab_report_1/assignment_2/images/1.png, i
d=143, 455.45157pt x 152.82094pt>
File: C:/D/University/Semester_4/Raytracer/lab_report_1/assignment_2/images/1.p
ng Graphic file (type png)
<use C:/D/University/Semester_4/Raytracer/lab_report_1/assignment_2/images/1.pn
g>
Package pdftex.def Info: C:/D/University/Semester_4/Raytracer/lab_report_1/assi
gnment_2/images/1.png  used on input line 118.
(pdftex.def)             Requested size: 250.0pt x 83.8862pt.
<C:/D/University/Semester_4/Raytracer/lab_report_1/assignment_2/images/2.png, i
d=145, 151.3153pt x 76.03406pt>
File: C:/D/University/Semester_4/Raytracer/lab_report_1/assignment_2/images/2.p
ng Graphic file (type png)
<use C:/D/University/Semester_4/Raytracer/lab_report_1/assignment_2/images/2.pn
g>
Package pdftex.def Info: C:/D/University/Semester_4/Raytracer/lab_report_1/assi
gnment_2/images/2.png  used on input line 129.
(pdftex.def)             Requested size: 250.0pt x 125.62363pt.
 [4

 <C:/D/University/Semester_4/Raytracer/lab_report_1/assignment_2/images/1.png> 
<C:/D/University/Semester_4/Raytracer/lab_report_1/assignment_2/images/2.png>]
<C:/D/University/Semester_4/Raytracer/lab_report_1/assignment_2/images/3.png, i
d=155, 1284.8pt x 854.19125pt>
File: C:/D/University/Semester_4/Raytracer/lab_report_1/assignment_2/images/3.p
ng Graphic file (type png)
<use C:/D/University/Semester_4/Raytracer/lab_report_1/assignment_2/images/3.pn
g>
Package pdftex.def Info: C:/D/University/Semester_4/Raytracer/lab_report_1/assi
gnment_2/images/3.png  used on input line 148.
(pdftex.def)             Requested size: 250.0pt x 166.20819pt.
LaTeX Font Info:    Font shape `OMS/cmr/m/n' in size <8> not available
(Font)              Font shape `OMS/cmsy/m/n' tried instead on input line 162.

Overfull \hbox (6.90779pt too wide) in paragraph at lines 169--170
[][][][][][][][][][][][][][][][][][][][][][][][][][] 
 []

[5

 <C:/D/University/Semester_4/Raytracer/lab_report_1/assignment_2/images/3.png>]
<C:/D/University/Semester_4/Raytracer/lab_report_1/assignment_2/images/4.png, i
d=181, 149.05687pt x 75.28125pt>
File: C:/D/University/Semester_4/Raytracer/lab_report_1/assignment_2/images/4.p
ng Graphic file (type png)
<use C:/D/University/Semester_4/Raytracer/lab_report_1/assignment_2/images/4.pn
g>
Package pdftex.def Info: C:/D/University/Semester_4/Raytracer/lab_report_1/assi
gnment_2/images/4.png  used on input line 193.
(pdftex.def)             Requested size: 250.0pt x 126.27058pt.
 [6 <C:/D/University/Semester_4/Raytracer/lab_report_1/assignment_2/images/4.pn
g>]
<C:/D/University/Semester_4/Raytracer/lab_report_1/assignment_2/images/5.png, i
d=210, 784.9325pt x 351.3125pt>
File: C:/D/University/Semester_4/Raytracer/lab_report_1/assignment_2/images/5.p
ng Graphic file (type png)
<use C:/D/University/Semester_4/Raytracer/lab_report_1/assignment_2/images/5.pn
g>
Package pdftex.def Info: C:/D/University/Semester_4/Raytracer/lab_report_1/assi
gnment_2/images/5.png  used on input line 213.
(pdftex.def)             Requested size: 250.0pt x 111.89159pt.
LaTeX Font Info:    Try loading font information for OML+cmr on input line 230.


("C:\Users\alhaj\AppData\Local\Programs\MiKTeX 2.9\tex/latex/base\omlcmr.fd"
File: omlcmr.fd 2014/09/29 v2.5h Standard LaTeX font definitions
)
LaTeX Font Info:    Font shape `OML/cmr/m/n' in size <8> not available
(Font)              Font shape `OML/cmm/m/it' tried instead on input line 230.
<C:/D/University/Semester_4/Raytracer/lab_report_1/assignment_2/images/6.png, i
d=212, 455.45157pt x 234.1247pt>
File: C:/D/University/Semester_4/Raytracer/lab_report_1/assignment_2/images/6.p
ng Graphic file (type png)
<use C:/D/University/Semester_4/Raytracer/lab_report_1/assignment_2/images/6.pn
g>
Package pdftex.def Info: C:/D/University/Semester_4/Raytracer/lab_report_1/assi
gnment_2/images/6.png  used on input line 238.
(pdftex.def)             Requested size: 250.0pt x 128.51532pt.
<C:/D/University/Semester_4/Raytracer/lab_report_1/assignment_2/images/8.png, i
d=213, 606.76688pt x 288.3272pt>
File: C:/D/University/Semester_4/Raytracer/lab_report_1/assignment_2/images/8.p
ng Graphic file (type png)
<use C:/D/University/Semester_4/Raytracer/lab_report_1/assignment_2/images/8.pn
g>
Package pdftex.def Info: C:/D/University/Semester_4/Raytracer/lab_report_1/assi
gnment_2/images/8.png  used on input line 254.
(pdftex.def)             Requested size: 250.0pt x 118.79564pt.

[7 <C:/D/University/Semester_4/Raytracer/lab_report_1/assignment_2/images/5.png
 (PNG copy)> <C:/D/University/Semester_4/Raytracer/lab_report_1/assignment_2/im
ages/6.png>]
<C:/D/University/Semester_4/Raytracer/lab_report_1/assignment_2/images/9.png, i
d=233, 353.82187pt x 325.96782pt>
File: C:/D/University/Semester_4/Raytracer/lab_report_1/assignment_2/images/9.p
ng Graphic file (type png)
<use C:/D/University/Semester_4/Raytracer/lab_report_1/assignment_2/images/9.pn
g>
Package pdftex.def Info: C:/D/University/Semester_4/Raytracer/lab_report_1/assi
gnment_2/images/9.png  used on input line 261.
(pdftex.def)             Requested size: 250.0pt x 230.32462pt.
 [8 <C:/D/University/Semester_4/Raytracer/lab_report_1/assignment_2/images/8.pn
g>]
Overfull \hbox (83.40948pt too wide) in paragraph at lines 277--278
[][][][][][][][][][][][][][][][][][][][][][][][][][][][][][][][][][][][] 
 []

<C:/D/University/Semester_4/Raytracer/lab_report_1/assignment_2/images/7.png, i
d=240, 1112.65688pt x 554.82281pt>
File: C:/D/University/Semester_4/Raytracer/lab_report_1/assignment_2/images/7.p
ng Graphic file (type png)
<use C:/D/University/Semester_4/Raytracer/lab_report_1/assignment_2/images/7.pn
g>
Package pdftex.def Info: C:/D/University/Semester_4/Raytracer/lab_report_1/assi
gnment_2/images/7.png  used on input line 285.
(pdftex.def)             Requested size: 250.0pt x 124.66042pt.
[9 <C:/D/University/Semester_4/Raytracer/lab_report_1/assignment_2/images/9.png
>] [10 <C:/D/University/Semester_4/Raytracer/lab_report_1/assignment_2/images/7
.png>]
Underfull \hbox (badness 10000) in paragraph at lines 323--325

 []

<C:/D/University/Semester_4/Raytracer/lab_report_1/assignment_2/images/phong_mo
del.png, id=265, 769.37437pt x 206.27063pt>
File: C:/D/University/Semester_4/Raytracer/lab_report_1/assignment_2/images/pho
ng_model.png Graphic file (type png)
<use C:/D/University/Semester_4/Raytracer/lab_report_1/assignment_2/images/phon
g_model.png>
Package pdftex.def Info: C:/D/University/Semester_4/Raytracer/lab_report_1/assi
gnment_2/images/phong_model.png  used on input line 328.
(pdftex.def)             Requested size: 250.0pt x 67.02457pt.
[11

] [12 <C:/D/University/Semester_4/Raytracer/lab_report_1/assignment_2/images/ph
ong_model.png>]
<C:/D/University/Semester_4/Raytracer/lab_report_1/assignment_2/images/amb_refl
ection.png, id=283, 574.39594pt x 433.62pt>
File: C:/D/University/Semester_4/Raytracer/lab_report_1/assignment_2/images/amb
_reflection.png Graphic file (type png)
<use C:/D/University/Semester_4/Raytracer/lab_report_1/assignment_2/images/amb_
reflection.png>
Package pdftex.def Info: C:/D/University/Semester_4/Raytracer/lab_report_1/assi
gnment_2/images/amb_reflection.png  used on input line 381.
(pdftex.def)             Requested size: 82.80115pt x 62.50607pt.
<C:/D/University/Semester_4/Raytracer/lab_report_1/assignment_2/images/diff_ref
lection.png, id=284, 516.42938pt x 390.70969pt>
File: C:/D/University/Semester_4/Raytracer/lab_report_1/assignment_2/images/dif
f_reflection.png Graphic file (type png)
<use C:/D/University/Semester_4/Raytracer/lab_report_1/assignment_2/images/diff
_reflection.png>
Package pdftex.def Info: C:/D/University/Semester_4/Raytracer/lab_report_1/assi
gnment_2/images/diff_reflection.png  used on input line 388.
(pdftex.def)             Requested size: 82.80115pt x 62.64001pt.
<C:/D/University/Semester_4/Raytracer/lab_report_1/assignment_2/images/spec_ref
lection.png, id=285, 609.02531pt x 463.7325pt>
File: C:/D/University/Semester_4/Raytracer/lab_report_1/assignment_2/images/spe
c_reflection.png Graphic file (type png)
<use C:/D/University/Semester_4/Raytracer/lab_report_1/assignment_2/images/spec
_reflection.png>
Package pdftex.def Info: C:/D/University/Semester_4/Raytracer/lab_report_1/assi
gnment_2/images/spec_reflection.png  used on input line 395.
(pdftex.def)             Requested size: 82.80115pt x 63.04697pt.
 [13 <C:/D/University/Semester_4/Raytracer/lab_report_1/assignment_2/images/amb
_reflection.png> <C:/D/University/Semester_4/Raytracer/lab_report_1/assignment_
2/images/diff_reflection.png> <C:/D/University/Semester_4/Raytracer/lab_report_
1/assignment_2/images/spec_reflection.png>]
<C:/D/University/Semester_4/Raytracer/lab_report_1/assignment_2/images/refracti
on.png, id=298, 228.855pt x 229.60782pt>
File: C:/D/University/Semester_4/Raytracer/lab_report_1/assignment_2/images/ref
raction.png Graphic file (type png)
<use C:/D/University/Semester_4/Raytracer/lab_report_1/assignment_2/images/refr
action.png>
Package pdftex.def Info: C:/D/University/Semester_4/Raytracer/lab_report_1/assi
gnment_2/images/refraction.png  used on input line 426.
(pdftex.def)             Requested size: 150.00412pt x 150.00708pt.
<C:/D/University/Semester_4/Raytracer/lab_report_1/assignment_2/images/refracti
on_3.png, id=301, 503.63156pt x 395.97937pt>
File: C:/D/University/Semester_4/Raytracer/lab_report_1/assignment_2/images/ref
raction_3.png Graphic file (type png)
<use C:/D/University/Semester_4/Raytracer/lab_report_1/assignment_2/images/refr
action_3.png>
Package pdftex.def Info: C:/D/University/Semester_4/Raytracer/lab_report_1/assi
gnment_2/images/refraction_3.png  used on input line 453.
(pdftex.def)             Requested size: 82.80115pt x 65.09813pt.
<C:/D/University/Semester_4/Raytracer/lab_report_1/assignment_2/images/refracti
on_0.png, id=302, 501.37312pt x 382.42876pt>
File: C:/D/University/Semester_4/Raytracer/lab_report_1/assignment_2/images/ref
raction_0.png Graphic file (type png)
<use C:/D/University/Semester_4/Raytracer/lab_report_1/assignment_2/images/refr
action_0.png>
Package pdftex.def Info: C:/D/University/Semester_4/Raytracer/lab_report_1/assi
gnment_2/images/refraction_0.png  used on input line 460.
(pdftex.def)             Requested size: 82.80115pt x 63.15637pt.
<C:/D/University/Semester_4/Raytracer/lab_report_1/assignment_2/images/refracti
on__0_5.png, id=303, 499.11469pt x 381.67593pt>
File: C:/D/University/Semester_4/Raytracer/lab_report_1/assignment_2/images/ref
raction__0_5.png Graphic file (type png)
<use C:/D/University/Semester_4/Raytracer/lab_report_1/assignment_2/images/refr
action__0_5.png>
Package pdftex.def Info: C:/D/University/Semester_4/Raytracer/lab_report_1/assi
gnment_2/images/refraction__0_5.png  used on input line 467.
(pdftex.def)             Requested size: 82.80115pt x 63.31741pt.
 [14 <C:/D/University/Semester_4/Raytracer/lab_report_1/assignment_2/images/ref
raction.png>]
[15 <C:/D/University/Semester_4/Raytracer/lab_report_1/assignment_2/images/refr
action_3.png> <C:/D/University/Semester_4/Raytracer/lab_report_1/assignment_2/i
mages/refraction_0.png> <C:/D/University/Semester_4/Raytracer/lab_report_1/assi
gnment_2/images/refraction__0_5.png>] (lab_report_1.bbl

Package natbib Warning: Empty `thebibliography' environment on input line 3.

)
Package atveryend Info: Empty hook `BeforeClearDocument' on input line 488.
 [16

]
Package atveryend Info: Empty hook `AfterLastShipout' on input line 488.
 (lab_report_1.aux)
Package atveryend Info: Executing hook `AtVeryEndDocument' on input line 488.
Package atveryend Info: Executing hook `AtEndAfterFileList' on input line 488.


Package rerunfilecheck Warning: File `lab_report_1.out' has changed.
(rerunfilecheck)                Rerun to get outlines right
(rerunfilecheck)                or use package `bookmark'.

Package rerunfilecheck Info: Checksums for `lab_report_1.out':
(rerunfilecheck)             Before: FDD7212E7813B164308E51862668D0F9;1393
(rerunfilecheck)             After:  39CA279CBF7CCC8E00D5DDDA3D9612DA;1500.

LaTeX Warning: There were multiply-defined labels.

Package atveryend Info: Empty hook `AtVeryVeryEnd' on input line 488.
 ) 
Here is how much of TeX's memory you used:
 22635 strings out of 492942
 425597 string characters out of 3126214
 588831 words of memory out of 3000000
 26171 multiletter control sequences out of 15000+200000
 543504 words of font info for 65 fonts, out of 3000000 for 9000
 1141 hyphenation exceptions out of 8191
 42i,9n,63p,643b,2302s stack positions out of 5000i,500n,10000p,200000b,50000s
pdfTeX warning (dest): name{subsection.2.3} has been referenced but does not 
exist, replaced by a fixed one

<C:/Users/alhaj/AppData/Local/Programs/MiKTeX 2.9/fonts/type1/public/amsfonts/c
m/cmbx10.pfb><C:/Users/alhaj/AppData/Local/Programs/MiKTeX 2.9/fonts/type1/publ
ic/amsfonts/cm/cmbx12.pfb><C:/Users/alhaj/AppData/Local/Programs/MiKTeX 2.9/fon
ts/type1/public/amsfonts/cm/cmbx8.pfb><C:/Users/alhaj/AppData/Local/Programs/Mi
KTeX 2.9/fonts/type1/public/amsfonts/cm/cmex10.pfb><C:/Users/alhaj/AppData/Loca
l/Programs/MiKTeX 2.9/fonts/type1/public/amsfonts/cm/cmmi10.pfb><C:/Users/alhaj
/AppData/Local/Programs/MiKTeX 2.9/fonts/type1/public/amsfonts/cm/cmmi7.pfb><C:
/Users/alhaj/AppData/Local/Programs/MiKTeX 2.9/fonts/type1/public/amsfonts/cm/c
mmi8.pfb><C:/Users/alhaj/AppData/Local/Programs/MiKTeX 2.9/fonts/type1/public/a
msfonts/cm/cmmi9.pfb><C:/Users/alhaj/AppData/Local/Programs/MiKTeX 2.9/fonts/ty
pe1/public/amsfonts/cm/cmr10.pfb><C:/Users/alhaj/AppData/Local/Programs/MiKTeX 
2.9/fonts/type1/public/amsfonts/cm/cmr12.pfb><C:/Users/alhaj/AppData/Local/Prog
rams/MiKTeX 2.9/fonts/type1/public/amsfonts/cm/cmr17.pfb><C:/Users/alhaj/AppDat
a/Local/Programs/MiKTeX 2.9/fonts/type1/public/amsfonts/cm/cmr7.pfb><C:/Users/a
lhaj/AppData/Local/Programs/MiKTeX 2.9/fonts/type1/public/amsfonts/cm/cmr8.pfb>
<C:/Users/alhaj/AppData/Local/Programs/MiKTeX 2.9/fonts/type1/public/amsfonts/c
m/cmr9.pfb><C:/Users/alhaj/AppData/Local/Programs/MiKTeX 2.9/fonts/type1/public
/amsfonts/cm/cmsy10.pfb><C:/Users/alhaj/AppData/Local/Programs/MiKTeX 2.9/fonts
/type1/public/amsfonts/cm/cmsy7.pfb><C:/Users/alhaj/AppData/Local/Programs/MiKT
eX 2.9/fonts/type1/public/amsfonts/cm/cmsy8.pfb><C:/Users/alhaj/AppData/Local/P
rograms/MiKTeX 2.9/fonts/type1/public/amsfonts/cm/cmti10.pfb><C:/Users/alhaj/Ap
pData/Local/Programs/MiKTeX 2.9/fonts/type1/public/amsfonts/cm/cmti8.pfb><C:/Us
ers/alhaj/AppData/Local/Programs/MiKTeX 2.9/fonts/type1/public/amsfonts/cm/cmti
9.pfb>
Output written on lab_report_1.pdf (16 pages, 1037232 bytes).
PDF statistics:
 419 PDF objects out of 1000 (max. 8388607)
 119 named destinations out of 1000 (max. 500000)
 278 words of extra memory for PDF output out of 10000 (max. 10000000)

